[2024-10-06 04:03:17] local.ERROR: Target class [config] does not exist. {"exception":"[object] (Illuminate\\Contracts\\Container\\BindingResolutionException(code: 0): Target class [config] does not exist. at D:\\Personales\\Datos Importantes Notebook\\Facultad\\5. QUINTO AÑO\\RRHH\\sistema-rrhh\\vendor\\laravel\\framework\\src\\Illuminate\\Container\\Container.php:940)
[stacktrace]
#0 D:\\Personales\\Datos Importantes Notebook\\Facultad\\5. QUINTO AÑO\\RRHH\\sistema-rrhh\\vendor\\laravel\\framework\\src\\Illuminate\\Container\\Container.php(815): Illuminate\\Container\\Container->build()
#1 D:\\Personales\\Datos Importantes Notebook\\Facultad\\5. QUINTO AÑO\\RRHH\\sistema-rrhh\\vendor\\laravel\\framework\\src\\Illuminate\\Foundation\\Application.php(1046): Illuminate\\Container\\Container->resolve()
#2 D:\\Personales\\Datos Importantes Notebook\\Facultad\\5. QUINTO AÑO\\RRHH\\sistema-rrhh\\vendor\\laravel\\framework\\src\\Illuminate\\Container\\Container.php(751): Illuminate\\Foundation\\Application->resolve()
#3 D:\\Personales\\Datos Importantes Notebook\\Facultad\\5. QUINTO AÑO\\RRHH\\sistema-rrhh\\vendor\\laravel\\framework\\src\\Illuminate\\Foundation\\Application.php(1028): Illuminate\\Container\\Container->make()
#4 D:\\Personales\\Datos Importantes Notebook\\Facultad\\5. QUINTO AÑO\\RRHH\\sistema-rrhh\\vendor\\laravel\\framework\\src\\Illuminate\\Foundation\\helpers.php(124): Illuminate\\Foundation\\Application->make()
#5 D:\\Personales\\Datos Importantes Notebook\\Facultad\\5. QUINTO AÑO\\RRHH\\sistema-rrhh\\vendor\\laravel\\framework\\src\\Illuminate\\Foundation\\helpers.php(279): app()
#6 D:\\Personales\\Datos Importantes Notebook\\Facultad\\5. QUINTO AÑO\\RRHH\\sistema-rrhh\\vendor\\laravel-lang\\config\\src\\Data\\Common\\PushableData.php(35): config()
#7 D:\\Personales\\Datos Importantes Notebook\\Facultad\\5. QUINTO AÑO\\RRHH\\sistema-rrhh\\vendor\\laravel-lang\\publisher\\src\\Helpers\\Config.php(41): LaravelLang\\Config\\Data\\Common\\PushableData->set()
#8 D:\\Personales\\Datos Importantes Notebook\\Facultad\\5. QUINTO AÑO\\RRHH\\sistema-rrhh\\vendor\\laravel-lang\\publisher\\src\\Plugins\\Provider.php(53): LaravelLang\\Publisher\\Helpers\\Config->setPlugins()
#9 D:\\Personales\\Datos Importantes Notebook\\Facultad\\5. QUINTO AÑO\\RRHH\\sistema-rrhh\\vendor\\laravel-lang\\publisher\\src\\Plugins\\Provider.php(42): LaravelLang\\Publisher\\Plugins\\Provider->registerPlugins()
#10 D:\\Personales\\Datos Importantes Notebook\\Facultad\\5. QUINTO AÑO\\RRHH\\sistema-rrhh\\vendor\\laravel\\framework\\src\\Illuminate\\Foundation\\Application.php(868): LaravelLang\\Publisher\\Plugins\\Provider->register()
#11 D:\\Personales\\Datos Importantes Notebook\\Facultad\\5. QUINTO AÑO\\RRHH\\sistema-rrhh\\vendor\\laravel-lang\\actions\\src\\ServiceProvider.php(15): Illuminate\\Foundation\\Application->register()
#12 D:\\Personales\\Datos Importantes Notebook\\Facultad\\5. QUINTO AÑO\\RRHH\\sistema-rrhh\\vendor\\laravel\\framework\\src\\Illuminate\\Foundation\\Application.php(868): LaravelLang\\Actions\\ServiceProvider->register()
#13 D:\\Personales\\Datos Importantes Notebook\\Facultad\\5. QUINTO AÑO\\RRHH\\sistema-rrhh\\vendor\\laravel\\framework\\src\\Illuminate\\Foundation\\ProviderRepository.php(75): Illuminate\\Foundation\\Application->register()
#14 D:\\Personales\\Datos Importantes Notebook\\Facultad\\5. QUINTO AÑO\\RRHH\\sistema-rrhh\\vendor\\laravel\\framework\\src\\Illuminate\\Foundation\\Application.php(843): Illuminate\\Foundation\\ProviderRepository->load()
#15 D:\\Personales\\Datos Importantes Notebook\\Facultad\\5. QUINTO AÑO\\RRHH\\sistema-rrhh\\vendor\\laravel\\framework\\src\\Illuminate\\Foundation\\Bootstrap\\RegisterProviders.php(37): Illuminate\\Foundation\\Application->registerConfiguredProviders()
#16 D:\\Personales\\Datos Importantes Notebook\\Facultad\\5. QUINTO AÑO\\RRHH\\sistema-rrhh\\vendor\\laravel\\framework\\src\\Illuminate\\Foundation\\Application.php(316): Illuminate\\Foundation\\Bootstrap\\RegisterProviders->bootstrap()
#17 D:\\Personales\\Datos Importantes Notebook\\Facultad\\5. QUINTO AÑO\\RRHH\\sistema-rrhh\\vendor\\laravel\\framework\\src\\Illuminate\\Foundation\\Console\\Kernel.php(473): Illuminate\\Foundation\\Application->bootstrapWith()
#18 D:\\Personales\\Datos Importantes Notebook\\Facultad\\5. QUINTO AÑO\\RRHH\\sistema-rrhh\\vendor\\laravel\\framework\\src\\Illuminate\\Foundation\\Console\\Kernel.php(195): Illuminate\\Foundation\\Console\\Kernel->bootstrap()
#19 D:\\Personales\\Datos Importantes Notebook\\Facultad\\5. QUINTO AÑO\\RRHH\\sistema-rrhh\\vendor\\laravel\\framework\\src\\Illuminate\\Foundation\\Application.php(1203): Illuminate\\Foundation\\Console\\Kernel->handle()
#20 D:\\Personales\\Datos Importantes Notebook\\Facultad\\5. QUINTO AÑO\\RRHH\\sistema-rrhh\\artisan(13): Illuminate\\Foundation\\Application->handleCommand()
#21 {main}

[previous exception] [object] (ReflectionException(code: -1): Class \"config\" does not exist at D:\\Personales\\Datos Importantes Notebook\\Facultad\\5. QUINTO AÑO\\RRHH\\sistema-rrhh\\vendor\\laravel\\framework\\src\\Illuminate\\Container\\Container.php:938)
[stacktrace]
#0 D:\\Personales\\Datos Importantes Notebook\\Facultad\\5. QUINTO AÑO\\RRHH\\sistema-rrhh\\vendor\\laravel\\framework\\src\\Illuminate\\Container\\Container.php(938): ReflectionClass->__construct()
#1 D:\\Personales\\Datos Importantes Notebook\\Facultad\\5. QUINTO AÑO\\RRHH\\sistema-rrhh\\vendor\\laravel\\framework\\src\\Illuminate\\Container\\Container.php(815): Illuminate\\Container\\Container->build()
#2 D:\\Personales\\Datos Importantes Notebook\\Facultad\\5. QUINTO AÑO\\RRHH\\sistema-rrhh\\vendor\\laravel\\framework\\src\\Illuminate\\Foundation\\Application.php(1046): Illuminate\\Container\\Container->resolve()
#3 D:\\Personales\\Datos Importantes Notebook\\Facultad\\5. QUINTO AÑO\\RRHH\\sistema-rrhh\\vendor\\laravel\\framework\\src\\Illuminate\\Container\\Container.php(751): Illuminate\\Foundation\\Application->resolve()
#4 D:\\Personales\\Datos Importantes Notebook\\Facultad\\5. QUINTO AÑO\\RRHH\\sistema-rrhh\\vendor\\laravel\\framework\\src\\Illuminate\\Foundation\\Application.php(1028): Illuminate\\Container\\Container->make()
#5 D:\\Personales\\Datos Importantes Notebook\\Facultad\\5. QUINTO AÑO\\RRHH\\sistema-rrhh\\vendor\\laravel\\framework\\src\\Illuminate\\Foundation\\helpers.php(124): Illuminate\\Foundation\\Application->make()
#6 D:\\Personales\\Datos Importantes Notebook\\Facultad\\5. QUINTO AÑO\\RRHH\\sistema-rrhh\\vendor\\laravel\\framework\\src\\Illuminate\\Foundation\\helpers.php(279): app()
#7 D:\\Personales\\Datos Importantes Notebook\\Facultad\\5. QUINTO AÑO\\RRHH\\sistema-rrhh\\vendor\\laravel-lang\\config\\src\\Data\\Common\\PushableData.php(35): config()
#8 D:\\Personales\\Datos Importantes Notebook\\Facultad\\5. QUINTO AÑO\\RRHH\\sistema-rrhh\\vendor\\laravel-lang\\publisher\\src\\Helpers\\Config.php(41): LaravelLang\\Config\\Data\\Common\\PushableData->set()
#9 D:\\Personales\\Datos Importantes Notebook\\Facultad\\5. QUINTO AÑO\\RRHH\\sistema-rrhh\\vendor\\laravel-lang\\publisher\\src\\Plugins\\Provider.php(53): LaravelLang\\Publisher\\Helpers\\Config->setPlugins()
#10 D:\\Personales\\Datos Importantes Notebook\\Facultad\\5. QUINTO AÑO\\RRHH\\sistema-rrhh\\vendor\\laravel-lang\\publisher\\src\\Plugins\\Provider.php(42): LaravelLang\\Publisher\\Plugins\\Provider->registerPlugins()
#11 D:\\Personales\\Datos Importantes Notebook\\Facultad\\5. QUINTO AÑO\\RRHH\\sistema-rrhh\\vendor\\laravel\\framework\\src\\Illuminate\\Foundation\\Application.php(868): LaravelLang\\Publisher\\Plugins\\Provider->register()
#12 D:\\Personales\\Datos Importantes Notebook\\Facultad\\5. QUINTO AÑO\\RRHH\\sistema-rrhh\\vendor\\laravel-lang\\actions\\src\\ServiceProvider.php(15): Illuminate\\Foundation\\Application->register()
#13 D:\\Personales\\Datos Importantes Notebook\\Facultad\\5. QUINTO AÑO\\RRHH\\sistema-rrhh\\vendor\\laravel\\framework\\src\\Illuminate\\Foundation\\Application.php(868): LaravelLang\\Actions\\ServiceProvider->register()
#14 D:\\Personales\\Datos Importantes Notebook\\Facultad\\5. QUINTO AÑO\\RRHH\\sistema-rrhh\\vendor\\laravel\\framework\\src\\Illuminate\\Foundation\\ProviderRepository.php(75): Illuminate\\Foundation\\Application->register()
#15 D:\\Personales\\Datos Importantes Notebook\\Facultad\\5. QUINTO AÑO\\RRHH\\sistema-rrhh\\vendor\\laravel\\framework\\src\\Illuminate\\Foundation\\Application.php(843): Illuminate\\Foundation\\ProviderRepository->load()
#16 D:\\Personales\\Datos Importantes Notebook\\Facultad\\5. QUINTO AÑO\\RRHH\\sistema-rrhh\\vendor\\laravel\\framework\\src\\Illuminate\\Foundation\\Bootstrap\\RegisterProviders.php(37): Illuminate\\Foundation\\Application->registerConfiguredProviders()
#17 D:\\Personales\\Datos Importantes Notebook\\Facultad\\5. QUINTO AÑO\\RRHH\\sistema-rrhh\\vendor\\laravel\\framework\\src\\Illuminate\\Foundation\\Application.php(316): Illuminate\\Foundation\\Bootstrap\\RegisterProviders->bootstrap()
#18 D:\\Personales\\Datos Importantes Notebook\\Facultad\\5. QUINTO AÑO\\RRHH\\sistema-rrhh\\vendor\\laravel\\framework\\src\\Illuminate\\Foundation\\Console\\Kernel.php(473): Illuminate\\Foundation\\Application->bootstrapWith()
#19 D:\\Personales\\Datos Importantes Notebook\\Facultad\\5. QUINTO AÑO\\RRHH\\sistema-rrhh\\vendor\\laravel\\framework\\src\\Illuminate\\Foundation\\Console\\Kernel.php(195): Illuminate\\Foundation\\Console\\Kernel->bootstrap()
#20 D:\\Personales\\Datos Importantes Notebook\\Facultad\\5. QUINTO AÑO\\RRHH\\sistema-rrhh\\vendor\\laravel\\framework\\src\\Illuminate\\Foundation\\Application.php(1203): Illuminate\\Foundation\\Console\\Kernel->handle()
#21 D:\\Personales\\Datos Importantes Notebook\\Facultad\\5. QUINTO AÑO\\RRHH\\sistema-rrhh\\artisan(13): Illuminate\\Foundation\\Application->handleCommand()
#22 {main}
"} 
[2024-10-06 04:04:01] local.ERROR: Target class [config] does not exist. {"exception":"[object] (Illuminate\\Contracts\\Container\\BindingResolutionException(code: 0): Target class [config] does not exist. at D:\\Personales\\Datos Importantes Notebook\\Facultad\\5. QUINTO AÑO\\RRHH\\sistema-rrhh\\vendor\\laravel\\framework\\src\\Illuminate\\Container\\Container.php:940)
[stacktrace]
#0 D:\\Personales\\Datos Importantes Notebook\\Facultad\\5. QUINTO AÑO\\RRHH\\sistema-rrhh\\vendor\\laravel\\framework\\src\\Illuminate\\Container\\Container.php(815): Illuminate\\Container\\Container->build()
#1 D:\\Personales\\Datos Importantes Notebook\\Facultad\\5. QUINTO AÑO\\RRHH\\sistema-rrhh\\vendor\\laravel\\framework\\src\\Illuminate\\Foundation\\Application.php(1046): Illuminate\\Container\\Container->resolve()
#2 D:\\Personales\\Datos Importantes Notebook\\Facultad\\5. QUINTO AÑO\\RRHH\\sistema-rrhh\\vendor\\laravel\\framework\\src\\Illuminate\\Container\\Container.php(751): Illuminate\\Foundation\\Application->resolve()
#3 D:\\Personales\\Datos Importantes Notebook\\Facultad\\5. QUINTO AÑO\\RRHH\\sistema-rrhh\\vendor\\laravel\\framework\\src\\Illuminate\\Foundation\\Application.php(1028): Illuminate\\Container\\Container->make()
#4 D:\\Personales\\Datos Importantes Notebook\\Facultad\\5. QUINTO AÑO\\RRHH\\sistema-rrhh\\vendor\\laravel\\framework\\src\\Illuminate\\Foundation\\helpers.php(124): Illuminate\\Foundation\\Application->make()
#5 D:\\Personales\\Datos Importantes Notebook\\Facultad\\5. QUINTO AÑO\\RRHH\\sistema-rrhh\\vendor\\laravel\\framework\\src\\Illuminate\\Foundation\\helpers.php(279): app()
#6 D:\\Personales\\Datos Importantes Notebook\\Facultad\\5. QUINTO AÑO\\RRHH\\sistema-rrhh\\vendor\\laravel-lang\\config\\src\\Data\\Common\\PushableData.php(35): config()
#7 D:\\Personales\\Datos Importantes Notebook\\Facultad\\5. QUINTO AÑO\\RRHH\\sistema-rrhh\\vendor\\laravel-lang\\publisher\\src\\Helpers\\Config.php(41): LaravelLang\\Config\\Data\\Common\\PushableData->set()
#8 D:\\Personales\\Datos Importantes Notebook\\Facultad\\5. QUINTO AÑO\\RRHH\\sistema-rrhh\\vendor\\laravel-lang\\publisher\\src\\Plugins\\Provider.php(53): LaravelLang\\Publisher\\Helpers\\Config->setPlugins()
#9 D:\\Personales\\Datos Importantes Notebook\\Facultad\\5. QUINTO AÑO\\RRHH\\sistema-rrhh\\vendor\\laravel-lang\\publisher\\src\\Plugins\\Provider.php(42): LaravelLang\\Publisher\\Plugins\\Provider->registerPlugins()
#10 D:\\Personales\\Datos Importantes Notebook\\Facultad\\5. QUINTO AÑO\\RRHH\\sistema-rrhh\\vendor\\laravel\\framework\\src\\Illuminate\\Foundation\\Application.php(868): LaravelLang\\Publisher\\Plugins\\Provider->register()
#11 D:\\Personales\\Datos Importantes Notebook\\Facultad\\5. QUINTO AÑO\\RRHH\\sistema-rrhh\\vendor\\laravel-lang\\actions\\src\\ServiceProvider.php(15): Illuminate\\Foundation\\Application->register()
#12 D:\\Personales\\Datos Importantes Notebook\\Facultad\\5. QUINTO AÑO\\RRHH\\sistema-rrhh\\vendor\\laravel\\framework\\src\\Illuminate\\Foundation\\Application.php(868): LaravelLang\\Actions\\ServiceProvider->register()
#13 D:\\Personales\\Datos Importantes Notebook\\Facultad\\5. QUINTO AÑO\\RRHH\\sistema-rrhh\\vendor\\laravel\\framework\\src\\Illuminate\\Foundation\\ProviderRepository.php(75): Illuminate\\Foundation\\Application->register()
#14 D:\\Personales\\Datos Importantes Notebook\\Facultad\\5. QUINTO AÑO\\RRHH\\sistema-rrhh\\vendor\\laravel\\framework\\src\\Illuminate\\Foundation\\Application.php(843): Illuminate\\Foundation\\ProviderRepository->load()
#15 D:\\Personales\\Datos Importantes Notebook\\Facultad\\5. QUINTO AÑO\\RRHH\\sistema-rrhh\\vendor\\laravel\\framework\\src\\Illuminate\\Foundation\\Bootstrap\\RegisterProviders.php(37): Illuminate\\Foundation\\Application->registerConfiguredProviders()
#16 D:\\Personales\\Datos Importantes Notebook\\Facultad\\5. QUINTO AÑO\\RRHH\\sistema-rrhh\\vendor\\laravel\\framework\\src\\Illuminate\\Foundation\\Application.php(316): Illuminate\\Foundation\\Bootstrap\\RegisterProviders->bootstrap()
#17 D:\\Personales\\Datos Importantes Notebook\\Facultad\\5. QUINTO AÑO\\RRHH\\sistema-rrhh\\vendor\\laravel\\framework\\src\\Illuminate\\Foundation\\Console\\Kernel.php(473): Illuminate\\Foundation\\Application->bootstrapWith()
#18 D:\\Personales\\Datos Importantes Notebook\\Facultad\\5. QUINTO AÑO\\RRHH\\sistema-rrhh\\vendor\\laravel\\framework\\src\\Illuminate\\Foundation\\Console\\Kernel.php(195): Illuminate\\Foundation\\Console\\Kernel->bootstrap()
#19 D:\\Personales\\Datos Importantes Notebook\\Facultad\\5. QUINTO AÑO\\RRHH\\sistema-rrhh\\vendor\\laravel\\framework\\src\\Illuminate\\Foundation\\Application.php(1203): Illuminate\\Foundation\\Console\\Kernel->handle()
#20 D:\\Personales\\Datos Importantes Notebook\\Facultad\\5. QUINTO AÑO\\RRHH\\sistema-rrhh\\artisan(13): Illuminate\\Foundation\\Application->handleCommand()
#21 {main}

[previous exception] [object] (ReflectionException(code: -1): Class \"config\" does not exist at D:\\Personales\\Datos Importantes Notebook\\Facultad\\5. QUINTO AÑO\\RRHH\\sistema-rrhh\\vendor\\laravel\\framework\\src\\Illuminate\\Container\\Container.php:938)
[stacktrace]
#0 D:\\Personales\\Datos Importantes Notebook\\Facultad\\5. QUINTO AÑO\\RRHH\\sistema-rrhh\\vendor\\laravel\\framework\\src\\Illuminate\\Container\\Container.php(938): ReflectionClass->__construct()
#1 D:\\Personales\\Datos Importantes Notebook\\Facultad\\5. QUINTO AÑO\\RRHH\\sistema-rrhh\\vendor\\laravel\\framework\\src\\Illuminate\\Container\\Container.php(815): Illuminate\\Container\\Container->build()
#2 D:\\Personales\\Datos Importantes Notebook\\Facultad\\5. QUINTO AÑO\\RRHH\\sistema-rrhh\\vendor\\laravel\\framework\\src\\Illuminate\\Foundation\\Application.php(1046): Illuminate\\Container\\Container->resolve()
#3 D:\\Personales\\Datos Importantes Notebook\\Facultad\\5. QUINTO AÑO\\RRHH\\sistema-rrhh\\vendor\\laravel\\framework\\src\\Illuminate\\Container\\Container.php(751): Illuminate\\Foundation\\Application->resolve()
#4 D:\\Personales\\Datos Importantes Notebook\\Facultad\\5. QUINTO AÑO\\RRHH\\sistema-rrhh\\vendor\\laravel\\framework\\src\\Illuminate\\Foundation\\Application.php(1028): Illuminate\\Container\\Container->make()
#5 D:\\Personales\\Datos Importantes Notebook\\Facultad\\5. QUINTO AÑO\\RRHH\\sistema-rrhh\\vendor\\laravel\\framework\\src\\Illuminate\\Foundation\\helpers.php(124): Illuminate\\Foundation\\Application->make()
#6 D:\\Personales\\Datos Importantes Notebook\\Facultad\\5. QUINTO AÑO\\RRHH\\sistema-rrhh\\vendor\\laravel\\framework\\src\\Illuminate\\Foundation\\helpers.php(279): app()
#7 D:\\Personales\\Datos Importantes Notebook\\Facultad\\5. QUINTO AÑO\\RRHH\\sistema-rrhh\\vendor\\laravel-lang\\config\\src\\Data\\Common\\PushableData.php(35): config()
#8 D:\\Personales\\Datos Importantes Notebook\\Facultad\\5. QUINTO AÑO\\RRHH\\sistema-rrhh\\vendor\\laravel-lang\\publisher\\src\\Helpers\\Config.php(41): LaravelLang\\Config\\Data\\Common\\PushableData->set()
#9 D:\\Personales\\Datos Importantes Notebook\\Facultad\\5. QUINTO AÑO\\RRHH\\sistema-rrhh\\vendor\\laravel-lang\\publisher\\src\\Plugins\\Provider.php(53): LaravelLang\\Publisher\\Helpers\\Config->setPlugins()
#10 D:\\Personales\\Datos Importantes Notebook\\Facultad\\5. QUINTO AÑO\\RRHH\\sistema-rrhh\\vendor\\laravel-lang\\publisher\\src\\Plugins\\Provider.php(42): LaravelLang\\Publisher\\Plugins\\Provider->registerPlugins()
#11 D:\\Personales\\Datos Importantes Notebook\\Facultad\\5. QUINTO AÑO\\RRHH\\sistema-rrhh\\vendor\\laravel\\framework\\src\\Illuminate\\Foundation\\Application.php(868): LaravelLang\\Publisher\\Plugins\\Provider->register()
#12 D:\\Personales\\Datos Importantes Notebook\\Facultad\\5. QUINTO AÑO\\RRHH\\sistema-rrhh\\vendor\\laravel-lang\\actions\\src\\ServiceProvider.php(15): Illuminate\\Foundation\\Application->register()
#13 D:\\Personales\\Datos Importantes Notebook\\Facultad\\5. QUINTO AÑO\\RRHH\\sistema-rrhh\\vendor\\laravel\\framework\\src\\Illuminate\\Foundation\\Application.php(868): LaravelLang\\Actions\\ServiceProvider->register()
#14 D:\\Personales\\Datos Importantes Notebook\\Facultad\\5. QUINTO AÑO\\RRHH\\sistema-rrhh\\vendor\\laravel\\framework\\src\\Illuminate\\Foundation\\ProviderRepository.php(75): Illuminate\\Foundation\\Application->register()
#15 D:\\Personales\\Datos Importantes Notebook\\Facultad\\5. QUINTO AÑO\\RRHH\\sistema-rrhh\\vendor\\laravel\\framework\\src\\Illuminate\\Foundation\\Application.php(843): Illuminate\\Foundation\\ProviderRepository->load()
#16 D:\\Personales\\Datos Importantes Notebook\\Facultad\\5. QUINTO AÑO\\RRHH\\sistema-rrhh\\vendor\\laravel\\framework\\src\\Illuminate\\Foundation\\Bootstrap\\RegisterProviders.php(37): Illuminate\\Foundation\\Application->registerConfiguredProviders()
#17 D:\\Personales\\Datos Importantes Notebook\\Facultad\\5. QUINTO AÑO\\RRHH\\sistema-rrhh\\vendor\\laravel\\framework\\src\\Illuminate\\Foundation\\Application.php(316): Illuminate\\Foundation\\Bootstrap\\RegisterProviders->bootstrap()
#18 D:\\Personales\\Datos Importantes Notebook\\Facultad\\5. QUINTO AÑO\\RRHH\\sistema-rrhh\\vendor\\laravel\\framework\\src\\Illuminate\\Foundation\\Console\\Kernel.php(473): Illuminate\\Foundation\\Application->bootstrapWith()
#19 D:\\Personales\\Datos Importantes Notebook\\Facultad\\5. QUINTO AÑO\\RRHH\\sistema-rrhh\\vendor\\laravel\\framework\\src\\Illuminate\\Foundation\\Console\\Kernel.php(195): Illuminate\\Foundation\\Console\\Kernel->bootstrap()
#20 D:\\Personales\\Datos Importantes Notebook\\Facultad\\5. QUINTO AÑO\\RRHH\\sistema-rrhh\\vendor\\laravel\\framework\\src\\Illuminate\\Foundation\\Application.php(1203): Illuminate\\Foundation\\Console\\Kernel->handle()
#21 D:\\Personales\\Datos Importantes Notebook\\Facultad\\5. QUINTO AÑO\\RRHH\\sistema-rrhh\\artisan(13): Illuminate\\Foundation\\Application->handleCommand()
#22 {main}
"} 
[2024-10-06 04:06:15] local.ERROR: Target class [config] does not exist. {"exception":"[object] (Illuminate\\Contracts\\Container\\BindingResolutionException(code: 0): Target class [config] does not exist. at D:\\Personales\\Datos Importantes Notebook\\Facultad\\5. QUINTO AÑO\\RRHH\\sistema-rrhh\\vendor\\laravel\\framework\\src\\Illuminate\\Container\\Container.php:940)
[stacktrace]
#0 D:\\Personales\\Datos Importantes Notebook\\Facultad\\5. QUINTO AÑO\\RRHH\\sistema-rrhh\\vendor\\laravel\\framework\\src\\Illuminate\\Container\\Container.php(815): Illuminate\\Container\\Container->build()
#1 D:\\Personales\\Datos Importantes Notebook\\Facultad\\5. QUINTO AÑO\\RRHH\\sistema-rrhh\\vendor\\laravel\\framework\\src\\Illuminate\\Foundation\\Application.php(1046): Illuminate\\Container\\Container->resolve()
#2 D:\\Personales\\Datos Importantes Notebook\\Facultad\\5. QUINTO AÑO\\RRHH\\sistema-rrhh\\vendor\\laravel\\framework\\src\\Illuminate\\Container\\Container.php(751): Illuminate\\Foundation\\Application->resolve()
#3 D:\\Personales\\Datos Importantes Notebook\\Facultad\\5. QUINTO AÑO\\RRHH\\sistema-rrhh\\vendor\\laravel\\framework\\src\\Illuminate\\Foundation\\Application.php(1028): Illuminate\\Container\\Container->make()
#4 D:\\Personales\\Datos Importantes Notebook\\Facultad\\5. QUINTO AÑO\\RRHH\\sistema-rrhh\\vendor\\laravel\\framework\\src\\Illuminate\\Foundation\\helpers.php(124): Illuminate\\Foundation\\Application->make()
#5 D:\\Personales\\Datos Importantes Notebook\\Facultad\\5. QUINTO AÑO\\RRHH\\sistema-rrhh\\vendor\\laravel\\framework\\src\\Illuminate\\Foundation\\helpers.php(279): app()
#6 D:\\Personales\\Datos Importantes Notebook\\Facultad\\5. QUINTO AÑO\\RRHH\\sistema-rrhh\\vendor\\laravel-lang\\config\\src\\Data\\Common\\PushableData.php(35): config()
#7 D:\\Personales\\Datos Importantes Notebook\\Facultad\\5. QUINTO AÑO\\RRHH\\sistema-rrhh\\vendor\\laravel-lang\\publisher\\src\\Helpers\\Config.php(41): LaravelLang\\Config\\Data\\Common\\PushableData->set()
#8 D:\\Personales\\Datos Importantes Notebook\\Facultad\\5. QUINTO AÑO\\RRHH\\sistema-rrhh\\vendor\\laravel-lang\\publisher\\src\\Plugins\\Provider.php(53): LaravelLang\\Publisher\\Helpers\\Config->setPlugins()
#9 D:\\Personales\\Datos Importantes Notebook\\Facultad\\5. QUINTO AÑO\\RRHH\\sistema-rrhh\\vendor\\laravel-lang\\publisher\\src\\Plugins\\Provider.php(42): LaravelLang\\Publisher\\Plugins\\Provider->registerPlugins()
#10 D:\\Personales\\Datos Importantes Notebook\\Facultad\\5. QUINTO AÑO\\RRHH\\sistema-rrhh\\vendor\\laravel\\framework\\src\\Illuminate\\Foundation\\Application.php(868): LaravelLang\\Publisher\\Plugins\\Provider->register()
#11 D:\\Personales\\Datos Importantes Notebook\\Facultad\\5. QUINTO AÑO\\RRHH\\sistema-rrhh\\vendor\\laravel-lang\\actions\\src\\ServiceProvider.php(15): Illuminate\\Foundation\\Application->register()
#12 D:\\Personales\\Datos Importantes Notebook\\Facultad\\5. QUINTO AÑO\\RRHH\\sistema-rrhh\\vendor\\laravel\\framework\\src\\Illuminate\\Foundation\\Application.php(868): LaravelLang\\Actions\\ServiceProvider->register()
#13 D:\\Personales\\Datos Importantes Notebook\\Facultad\\5. QUINTO AÑO\\RRHH\\sistema-rrhh\\vendor\\laravel\\framework\\src\\Illuminate\\Foundation\\ProviderRepository.php(75): Illuminate\\Foundation\\Application->register()
#14 D:\\Personales\\Datos Importantes Notebook\\Facultad\\5. QUINTO AÑO\\RRHH\\sistema-rrhh\\vendor\\laravel\\framework\\src\\Illuminate\\Foundation\\Application.php(843): Illuminate\\Foundation\\ProviderRepository->load()
#15 D:\\Personales\\Datos Importantes Notebook\\Facultad\\5. QUINTO AÑO\\RRHH\\sistema-rrhh\\vendor\\laravel\\framework\\src\\Illuminate\\Foundation\\Bootstrap\\RegisterProviders.php(37): Illuminate\\Foundation\\Application->registerConfiguredProviders()
#16 D:\\Personales\\Datos Importantes Notebook\\Facultad\\5. QUINTO AÑO\\RRHH\\sistema-rrhh\\vendor\\laravel\\framework\\src\\Illuminate\\Foundation\\Application.php(316): Illuminate\\Foundation\\Bootstrap\\RegisterProviders->bootstrap()
#17 D:\\Personales\\Datos Importantes Notebook\\Facultad\\5. QUINTO AÑO\\RRHH\\sistema-rrhh\\vendor\\laravel\\framework\\src\\Illuminate\\Foundation\\Console\\Kernel.php(473): Illuminate\\Foundation\\Application->bootstrapWith()
#18 D:\\Personales\\Datos Importantes Notebook\\Facultad\\5. QUINTO AÑO\\RRHH\\sistema-rrhh\\vendor\\laravel\\framework\\src\\Illuminate\\Foundation\\Console\\Kernel.php(195): Illuminate\\Foundation\\Console\\Kernel->bootstrap()
#19 D:\\Personales\\Datos Importantes Notebook\\Facultad\\5. QUINTO AÑO\\RRHH\\sistema-rrhh\\vendor\\laravel\\framework\\src\\Illuminate\\Foundation\\Application.php(1203): Illuminate\\Foundation\\Console\\Kernel->handle()
#20 D:\\Personales\\Datos Importantes Notebook\\Facultad\\5. QUINTO AÑO\\RRHH\\sistema-rrhh\\artisan(13): Illuminate\\Foundation\\Application->handleCommand()
#21 {main}

[previous exception] [object] (ReflectionException(code: -1): Class \"config\" does not exist at D:\\Personales\\Datos Importantes Notebook\\Facultad\\5. QUINTO AÑO\\RRHH\\sistema-rrhh\\vendor\\laravel\\framework\\src\\Illuminate\\Container\\Container.php:938)
[stacktrace]
#0 D:\\Personales\\Datos Importantes Notebook\\Facultad\\5. QUINTO AÑO\\RRHH\\sistema-rrhh\\vendor\\laravel\\framework\\src\\Illuminate\\Container\\Container.php(938): ReflectionClass->__construct()
#1 D:\\Personales\\Datos Importantes Notebook\\Facultad\\5. QUINTO AÑO\\RRHH\\sistema-rrhh\\vendor\\laravel\\framework\\src\\Illuminate\\Container\\Container.php(815): Illuminate\\Container\\Container->build()
#2 D:\\Personales\\Datos Importantes Notebook\\Facultad\\5. QUINTO AÑO\\RRHH\\sistema-rrhh\\vendor\\laravel\\framework\\src\\Illuminate\\Foundation\\Application.php(1046): Illuminate\\Container\\Container->resolve()
#3 D:\\Personales\\Datos Importantes Notebook\\Facultad\\5. QUINTO AÑO\\RRHH\\sistema-rrhh\\vendor\\laravel\\framework\\src\\Illuminate\\Container\\Container.php(751): Illuminate\\Foundation\\Application->resolve()
#4 D:\\Personales\\Datos Importantes Notebook\\Facultad\\5. QUINTO AÑO\\RRHH\\sistema-rrhh\\vendor\\laravel\\framework\\src\\Illuminate\\Foundation\\Application.php(1028): Illuminate\\Container\\Container->make()
#5 D:\\Personales\\Datos Importantes Notebook\\Facultad\\5. QUINTO AÑO\\RRHH\\sistema-rrhh\\vendor\\laravel\\framework\\src\\Illuminate\\Foundation\\helpers.php(124): Illuminate\\Foundation\\Application->make()
#6 D:\\Personales\\Datos Importantes Notebook\\Facultad\\5. QUINTO AÑO\\RRHH\\sistema-rrhh\\vendor\\laravel\\framework\\src\\Illuminate\\Foundation\\helpers.php(279): app()
#7 D:\\Personales\\Datos Importantes Notebook\\Facultad\\5. QUINTO AÑO\\RRHH\\sistema-rrhh\\vendor\\laravel-lang\\config\\src\\Data\\Common\\PushableData.php(35): config()
#8 D:\\Personales\\Datos Importantes Notebook\\Facultad\\5. QUINTO AÑO\\RRHH\\sistema-rrhh\\vendor\\laravel-lang\\publisher\\src\\Helpers\\Config.php(41): LaravelLang\\Config\\Data\\Common\\PushableData->set()
#9 D:\\Personales\\Datos Importantes Notebook\\Facultad\\5. QUINTO AÑO\\RRHH\\sistema-rrhh\\vendor\\laravel-lang\\publisher\\src\\Plugins\\Provider.php(53): LaravelLang\\Publisher\\Helpers\\Config->setPlugins()
#10 D:\\Personales\\Datos Importantes Notebook\\Facultad\\5. QUINTO AÑO\\RRHH\\sistema-rrhh\\vendor\\laravel-lang\\publisher\\src\\Plugins\\Provider.php(42): LaravelLang\\Publisher\\Plugins\\Provider->registerPlugins()
#11 D:\\Personales\\Datos Importantes Notebook\\Facultad\\5. QUINTO AÑO\\RRHH\\sistema-rrhh\\vendor\\laravel\\framework\\src\\Illuminate\\Foundation\\Application.php(868): LaravelLang\\Publisher\\Plugins\\Provider->register()
#12 D:\\Personales\\Datos Importantes Notebook\\Facultad\\5. QUINTO AÑO\\RRHH\\sistema-rrhh\\vendor\\laravel-lang\\actions\\src\\ServiceProvider.php(15): Illuminate\\Foundation\\Application->register()
#13 D:\\Personales\\Datos Importantes Notebook\\Facultad\\5. QUINTO AÑO\\RRHH\\sistema-rrhh\\vendor\\laravel\\framework\\src\\Illuminate\\Foundation\\Application.php(868): LaravelLang\\Actions\\ServiceProvider->register()
#14 D:\\Personales\\Datos Importantes Notebook\\Facultad\\5. QUINTO AÑO\\RRHH\\sistema-rrhh\\vendor\\laravel\\framework\\src\\Illuminate\\Foundation\\ProviderRepository.php(75): Illuminate\\Foundation\\Application->register()
#15 D:\\Personales\\Datos Importantes Notebook\\Facultad\\5. QUINTO AÑO\\RRHH\\sistema-rrhh\\vendor\\laravel\\framework\\src\\Illuminate\\Foundation\\Application.php(843): Illuminate\\Foundation\\ProviderRepository->load()
#16 D:\\Personales\\Datos Importantes Notebook\\Facultad\\5. QUINTO AÑO\\RRHH\\sistema-rrhh\\vendor\\laravel\\framework\\src\\Illuminate\\Foundation\\Bootstrap\\RegisterProviders.php(37): Illuminate\\Foundation\\Application->registerConfiguredProviders()
#17 D:\\Personales\\Datos Importantes Notebook\\Facultad\\5. QUINTO AÑO\\RRHH\\sistema-rrhh\\vendor\\laravel\\framework\\src\\Illuminate\\Foundation\\Application.php(316): Illuminate\\Foundation\\Bootstrap\\RegisterProviders->bootstrap()
#18 D:\\Personales\\Datos Importantes Notebook\\Facultad\\5. QUINTO AÑO\\RRHH\\sistema-rrhh\\vendor\\laravel\\framework\\src\\Illuminate\\Foundation\\Console\\Kernel.php(473): Illuminate\\Foundation\\Application->bootstrapWith()
#19 D:\\Personales\\Datos Importantes Notebook\\Facultad\\5. QUINTO AÑO\\RRHH\\sistema-rrhh\\vendor\\laravel\\framework\\src\\Illuminate\\Foundation\\Console\\Kernel.php(195): Illuminate\\Foundation\\Console\\Kernel->bootstrap()
#20 D:\\Personales\\Datos Importantes Notebook\\Facultad\\5. QUINTO AÑO\\RRHH\\sistema-rrhh\\vendor\\laravel\\framework\\src\\Illuminate\\Foundation\\Application.php(1203): Illuminate\\Foundation\\Console\\Kernel->handle()
#21 D:\\Personales\\Datos Importantes Notebook\\Facultad\\5. QUINTO AÑO\\RRHH\\sistema-rrhh\\artisan(13): Illuminate\\Foundation\\Application->handleCommand()
#22 {main}
"} 
[2024-10-06 04:09:38] local.ERROR: Target class [config] does not exist. {"exception":"[object] (Illuminate\\Contracts\\Container\\BindingResolutionException(code: 0): Target class [config] does not exist. at D:\\Personales\\Datos Importantes Notebook\\Facultad\\5. QUINTO AÑO\\RRHH\\sistema-rrhh\\vendor\\laravel\\framework\\src\\Illuminate\\Container\\Container.php:940)
[stacktrace]
#0 D:\\Personales\\Datos Importantes Notebook\\Facultad\\5. QUINTO AÑO\\RRHH\\sistema-rrhh\\vendor\\laravel\\framework\\src\\Illuminate\\Container\\Container.php(815): Illuminate\\Container\\Container->build()
#1 D:\\Personales\\Datos Importantes Notebook\\Facultad\\5. QUINTO AÑO\\RRHH\\sistema-rrhh\\vendor\\laravel\\framework\\src\\Illuminate\\Foundation\\Application.php(1046): Illuminate\\Container\\Container->resolve()
#2 D:\\Personales\\Datos Importantes Notebook\\Facultad\\5. QUINTO AÑO\\RRHH\\sistema-rrhh\\vendor\\laravel\\framework\\src\\Illuminate\\Container\\Container.php(751): Illuminate\\Foundation\\Application->resolve()
#3 D:\\Personales\\Datos Importantes Notebook\\Facultad\\5. QUINTO AÑO\\RRHH\\sistema-rrhh\\vendor\\laravel\\framework\\src\\Illuminate\\Foundation\\Application.php(1028): Illuminate\\Container\\Container->make()
#4 D:\\Personales\\Datos Importantes Notebook\\Facultad\\5. QUINTO AÑO\\RRHH\\sistema-rrhh\\vendor\\laravel\\framework\\src\\Illuminate\\Foundation\\helpers.php(124): Illuminate\\Foundation\\Application->make()
#5 D:\\Personales\\Datos Importantes Notebook\\Facultad\\5. QUINTO AÑO\\RRHH\\sistema-rrhh\\vendor\\laravel\\framework\\src\\Illuminate\\Foundation\\helpers.php(279): app()
#6 D:\\Personales\\Datos Importantes Notebook\\Facultad\\5. QUINTO AÑO\\RRHH\\sistema-rrhh\\vendor\\laravel-lang\\config\\src\\Data\\Common\\PushableData.php(35): config()
#7 D:\\Personales\\Datos Importantes Notebook\\Facultad\\5. QUINTO AÑO\\RRHH\\sistema-rrhh\\vendor\\laravel-lang\\publisher\\src\\Helpers\\Config.php(41): LaravelLang\\Config\\Data\\Common\\PushableData->set()
#8 D:\\Personales\\Datos Importantes Notebook\\Facultad\\5. QUINTO AÑO\\RRHH\\sistema-rrhh\\vendor\\laravel-lang\\publisher\\src\\Plugins\\Provider.php(53): LaravelLang\\Publisher\\Helpers\\Config->setPlugins()
#9 D:\\Personales\\Datos Importantes Notebook\\Facultad\\5. QUINTO AÑO\\RRHH\\sistema-rrhh\\vendor\\laravel-lang\\publisher\\src\\Plugins\\Provider.php(42): LaravelLang\\Publisher\\Plugins\\Provider->registerPlugins()
#10 D:\\Personales\\Datos Importantes Notebook\\Facultad\\5. QUINTO AÑO\\RRHH\\sistema-rrhh\\vendor\\laravel\\framework\\src\\Illuminate\\Foundation\\Application.php(868): LaravelLang\\Publisher\\Plugins\\Provider->register()
#11 D:\\Personales\\Datos Importantes Notebook\\Facultad\\5. QUINTO AÑO\\RRHH\\sistema-rrhh\\vendor\\laravel-lang\\actions\\src\\ServiceProvider.php(15): Illuminate\\Foundation\\Application->register()
#12 D:\\Personales\\Datos Importantes Notebook\\Facultad\\5. QUINTO AÑO\\RRHH\\sistema-rrhh\\vendor\\laravel\\framework\\src\\Illuminate\\Foundation\\Application.php(868): LaravelLang\\Actions\\ServiceProvider->register()
#13 D:\\Personales\\Datos Importantes Notebook\\Facultad\\5. QUINTO AÑO\\RRHH\\sistema-rrhh\\vendor\\laravel\\framework\\src\\Illuminate\\Foundation\\ProviderRepository.php(75): Illuminate\\Foundation\\Application->register()
#14 D:\\Personales\\Datos Importantes Notebook\\Facultad\\5. QUINTO AÑO\\RRHH\\sistema-rrhh\\vendor\\laravel\\framework\\src\\Illuminate\\Foundation\\Application.php(843): Illuminate\\Foundation\\ProviderRepository->load()
#15 D:\\Personales\\Datos Importantes Notebook\\Facultad\\5. QUINTO AÑO\\RRHH\\sistema-rrhh\\vendor\\laravel\\framework\\src\\Illuminate\\Foundation\\Bootstrap\\RegisterProviders.php(37): Illuminate\\Foundation\\Application->registerConfiguredProviders()
#16 D:\\Personales\\Datos Importantes Notebook\\Facultad\\5. QUINTO AÑO\\RRHH\\sistema-rrhh\\vendor\\laravel\\framework\\src\\Illuminate\\Foundation\\Application.php(316): Illuminate\\Foundation\\Bootstrap\\RegisterProviders->bootstrap()
#17 D:\\Personales\\Datos Importantes Notebook\\Facultad\\5. QUINTO AÑO\\RRHH\\sistema-rrhh\\vendor\\laravel\\framework\\src\\Illuminate\\Foundation\\Console\\Kernel.php(473): Illuminate\\Foundation\\Application->bootstrapWith()
#18 D:\\Personales\\Datos Importantes Notebook\\Facultad\\5. QUINTO AÑO\\RRHH\\sistema-rrhh\\vendor\\laravel\\framework\\src\\Illuminate\\Foundation\\Console\\Kernel.php(195): Illuminate\\Foundation\\Console\\Kernel->bootstrap()
#19 D:\\Personales\\Datos Importantes Notebook\\Facultad\\5. QUINTO AÑO\\RRHH\\sistema-rrhh\\vendor\\laravel\\framework\\src\\Illuminate\\Foundation\\Application.php(1203): Illuminate\\Foundation\\Console\\Kernel->handle()
#20 D:\\Personales\\Datos Importantes Notebook\\Facultad\\5. QUINTO AÑO\\RRHH\\sistema-rrhh\\artisan(13): Illuminate\\Foundation\\Application->handleCommand()
#21 {main}

[previous exception] [object] (ReflectionException(code: -1): Class \"config\" does not exist at D:\\Personales\\Datos Importantes Notebook\\Facultad\\5. QUINTO AÑO\\RRHH\\sistema-rrhh\\vendor\\laravel\\framework\\src\\Illuminate\\Container\\Container.php:938)
[stacktrace]
#0 D:\\Personales\\Datos Importantes Notebook\\Facultad\\5. QUINTO AÑO\\RRHH\\sistema-rrhh\\vendor\\laravel\\framework\\src\\Illuminate\\Container\\Container.php(938): ReflectionClass->__construct()
#1 D:\\Personales\\Datos Importantes Notebook\\Facultad\\5. QUINTO AÑO\\RRHH\\sistema-rrhh\\vendor\\laravel\\framework\\src\\Illuminate\\Container\\Container.php(815): Illuminate\\Container\\Container->build()
#2 D:\\Personales\\Datos Importantes Notebook\\Facultad\\5. QUINTO AÑO\\RRHH\\sistema-rrhh\\vendor\\laravel\\framework\\src\\Illuminate\\Foundation\\Application.php(1046): Illuminate\\Container\\Container->resolve()
#3 D:\\Personales\\Datos Importantes Notebook\\Facultad\\5. QUINTO AÑO\\RRHH\\sistema-rrhh\\vendor\\laravel\\framework\\src\\Illuminate\\Container\\Container.php(751): Illuminate\\Foundation\\Application->resolve()
#4 D:\\Personales\\Datos Importantes Notebook\\Facultad\\5. QUINTO AÑO\\RRHH\\sistema-rrhh\\vendor\\laravel\\framework\\src\\Illuminate\\Foundation\\Application.php(1028): Illuminate\\Container\\Container->make()
#5 D:\\Personales\\Datos Importantes Notebook\\Facultad\\5. QUINTO AÑO\\RRHH\\sistema-rrhh\\vendor\\laravel\\framework\\src\\Illuminate\\Foundation\\helpers.php(124): Illuminate\\Foundation\\Application->make()
#6 D:\\Personales\\Datos Importantes Notebook\\Facultad\\5. QUINTO AÑO\\RRHH\\sistema-rrhh\\vendor\\laravel\\framework\\src\\Illuminate\\Foundation\\helpers.php(279): app()
#7 D:\\Personales\\Datos Importantes Notebook\\Facultad\\5. QUINTO AÑO\\RRHH\\sistema-rrhh\\vendor\\laravel-lang\\config\\src\\Data\\Common\\PushableData.php(35): config()
#8 D:\\Personales\\Datos Importantes Notebook\\Facultad\\5. QUINTO AÑO\\RRHH\\sistema-rrhh\\vendor\\laravel-lang\\publisher\\src\\Helpers\\Config.php(41): LaravelLang\\Config\\Data\\Common\\PushableData->set()
#9 D:\\Personales\\Datos Importantes Notebook\\Facultad\\5. QUINTO AÑO\\RRHH\\sistema-rrhh\\vendor\\laravel-lang\\publisher\\src\\Plugins\\Provider.php(53): LaravelLang\\Publisher\\Helpers\\Config->setPlugins()
#10 D:\\Personales\\Datos Importantes Notebook\\Facultad\\5. QUINTO AÑO\\RRHH\\sistema-rrhh\\vendor\\laravel-lang\\publisher\\src\\Plugins\\Provider.php(42): LaravelLang\\Publisher\\Plugins\\Provider->registerPlugins()
#11 D:\\Personales\\Datos Importantes Notebook\\Facultad\\5. QUINTO AÑO\\RRHH\\sistema-rrhh\\vendor\\laravel\\framework\\src\\Illuminate\\Foundation\\Application.php(868): LaravelLang\\Publisher\\Plugins\\Provider->register()
#12 D:\\Personales\\Datos Importantes Notebook\\Facultad\\5. QUINTO AÑO\\RRHH\\sistema-rrhh\\vendor\\laravel-lang\\actions\\src\\ServiceProvider.php(15): Illuminate\\Foundation\\Application->register()
#13 D:\\Personales\\Datos Importantes Notebook\\Facultad\\5. QUINTO AÑO\\RRHH\\sistema-rrhh\\vendor\\laravel\\framework\\src\\Illuminate\\Foundation\\Application.php(868): LaravelLang\\Actions\\ServiceProvider->register()
#14 D:\\Personales\\Datos Importantes Notebook\\Facultad\\5. QUINTO AÑO\\RRHH\\sistema-rrhh\\vendor\\laravel\\framework\\src\\Illuminate\\Foundation\\ProviderRepository.php(75): Illuminate\\Foundation\\Application->register()
#15 D:\\Personales\\Datos Importantes Notebook\\Facultad\\5. QUINTO AÑO\\RRHH\\sistema-rrhh\\vendor\\laravel\\framework\\src\\Illuminate\\Foundation\\Application.php(843): Illuminate\\Foundation\\ProviderRepository->load()
#16 D:\\Personales\\Datos Importantes Notebook\\Facultad\\5. QUINTO AÑO\\RRHH\\sistema-rrhh\\vendor\\laravel\\framework\\src\\Illuminate\\Foundation\\Bootstrap\\RegisterProviders.php(37): Illuminate\\Foundation\\Application->registerConfiguredProviders()
#17 D:\\Personales\\Datos Importantes Notebook\\Facultad\\5. QUINTO AÑO\\RRHH\\sistema-rrhh\\vendor\\laravel\\framework\\src\\Illuminate\\Foundation\\Application.php(316): Illuminate\\Foundation\\Bootstrap\\RegisterProviders->bootstrap()
#18 D:\\Personales\\Datos Importantes Notebook\\Facultad\\5. QUINTO AÑO\\RRHH\\sistema-rrhh\\vendor\\laravel\\framework\\src\\Illuminate\\Foundation\\Console\\Kernel.php(473): Illuminate\\Foundation\\Application->bootstrapWith()
#19 D:\\Personales\\Datos Importantes Notebook\\Facultad\\5. QUINTO AÑO\\RRHH\\sistema-rrhh\\vendor\\laravel\\framework\\src\\Illuminate\\Foundation\\Console\\Kernel.php(195): Illuminate\\Foundation\\Console\\Kernel->bootstrap()
#20 D:\\Personales\\Datos Importantes Notebook\\Facultad\\5. QUINTO AÑO\\RRHH\\sistema-rrhh\\vendor\\laravel\\framework\\src\\Illuminate\\Foundation\\Application.php(1203): Illuminate\\Foundation\\Console\\Kernel->handle()
#21 D:\\Personales\\Datos Importantes Notebook\\Facultad\\5. QUINTO AÑO\\RRHH\\sistema-rrhh\\artisan(13): Illuminate\\Foundation\\Application->handleCommand()
#22 {main}
"} 
[2024-10-06 04:09:48] local.ERROR: Target class [config] does not exist. {"exception":"[object] (Illuminate\\Contracts\\Container\\BindingResolutionException(code: 0): Target class [config] does not exist. at D:\\Personales\\Datos Importantes Notebook\\Facultad\\5. QUINTO AÑO\\RRHH\\sistema-rrhh\\vendor\\laravel\\framework\\src\\Illuminate\\Container\\Container.php:940)
[stacktrace]
#0 D:\\Personales\\Datos Importantes Notebook\\Facultad\\5. QUINTO AÑO\\RRHH\\sistema-rrhh\\vendor\\laravel\\framework\\src\\Illuminate\\Container\\Container.php(815): Illuminate\\Container\\Container->build()
#1 D:\\Personales\\Datos Importantes Notebook\\Facultad\\5. QUINTO AÑO\\RRHH\\sistema-rrhh\\vendor\\laravel\\framework\\src\\Illuminate\\Foundation\\Application.php(1046): Illuminate\\Container\\Container->resolve()
#2 D:\\Personales\\Datos Importantes Notebook\\Facultad\\5. QUINTO AÑO\\RRHH\\sistema-rrhh\\vendor\\laravel\\framework\\src\\Illuminate\\Container\\Container.php(751): Illuminate\\Foundation\\Application->resolve()
#3 D:\\Personales\\Datos Importantes Notebook\\Facultad\\5. QUINTO AÑO\\RRHH\\sistema-rrhh\\vendor\\laravel\\framework\\src\\Illuminate\\Foundation\\Application.php(1028): Illuminate\\Container\\Container->make()
#4 D:\\Personales\\Datos Importantes Notebook\\Facultad\\5. QUINTO AÑO\\RRHH\\sistema-rrhh\\vendor\\laravel\\framework\\src\\Illuminate\\Foundation\\helpers.php(124): Illuminate\\Foundation\\Application->make()
#5 D:\\Personales\\Datos Importantes Notebook\\Facultad\\5. QUINTO AÑO\\RRHH\\sistema-rrhh\\vendor\\laravel\\framework\\src\\Illuminate\\Foundation\\helpers.php(279): app()
#6 D:\\Personales\\Datos Importantes Notebook\\Facultad\\5. QUINTO AÑO\\RRHH\\sistema-rrhh\\vendor\\laravel-lang\\config\\src\\Data\\Common\\PushableData.php(35): config()
#7 D:\\Personales\\Datos Importantes Notebook\\Facultad\\5. QUINTO AÑO\\RRHH\\sistema-rrhh\\vendor\\laravel-lang\\publisher\\src\\Helpers\\Config.php(41): LaravelLang\\Config\\Data\\Common\\PushableData->set()
#8 D:\\Personales\\Datos Importantes Notebook\\Facultad\\5. QUINTO AÑO\\RRHH\\sistema-rrhh\\vendor\\laravel-lang\\publisher\\src\\Plugins\\Provider.php(53): LaravelLang\\Publisher\\Helpers\\Config->setPlugins()
#9 D:\\Personales\\Datos Importantes Notebook\\Facultad\\5. QUINTO AÑO\\RRHH\\sistema-rrhh\\vendor\\laravel-lang\\publisher\\src\\Plugins\\Provider.php(42): LaravelLang\\Publisher\\Plugins\\Provider->registerPlugins()
#10 D:\\Personales\\Datos Importantes Notebook\\Facultad\\5. QUINTO AÑO\\RRHH\\sistema-rrhh\\vendor\\laravel\\framework\\src\\Illuminate\\Foundation\\Application.php(868): LaravelLang\\Publisher\\Plugins\\Provider->register()
#11 D:\\Personales\\Datos Importantes Notebook\\Facultad\\5. QUINTO AÑO\\RRHH\\sistema-rrhh\\vendor\\laravel-lang\\actions\\src\\ServiceProvider.php(15): Illuminate\\Foundation\\Application->register()
#12 D:\\Personales\\Datos Importantes Notebook\\Facultad\\5. QUINTO AÑO\\RRHH\\sistema-rrhh\\vendor\\laravel\\framework\\src\\Illuminate\\Foundation\\Application.php(868): LaravelLang\\Actions\\ServiceProvider->register()
#13 D:\\Personales\\Datos Importantes Notebook\\Facultad\\5. QUINTO AÑO\\RRHH\\sistema-rrhh\\vendor\\laravel\\framework\\src\\Illuminate\\Foundation\\ProviderRepository.php(75): Illuminate\\Foundation\\Application->register()
#14 D:\\Personales\\Datos Importantes Notebook\\Facultad\\5. QUINTO AÑO\\RRHH\\sistema-rrhh\\vendor\\laravel\\framework\\src\\Illuminate\\Foundation\\Application.php(843): Illuminate\\Foundation\\ProviderRepository->load()
#15 D:\\Personales\\Datos Importantes Notebook\\Facultad\\5. QUINTO AÑO\\RRHH\\sistema-rrhh\\vendor\\laravel\\framework\\src\\Illuminate\\Foundation\\Bootstrap\\RegisterProviders.php(37): Illuminate\\Foundation\\Application->registerConfiguredProviders()
#16 D:\\Personales\\Datos Importantes Notebook\\Facultad\\5. QUINTO AÑO\\RRHH\\sistema-rrhh\\vendor\\laravel\\framework\\src\\Illuminate\\Foundation\\Application.php(316): Illuminate\\Foundation\\Bootstrap\\RegisterProviders->bootstrap()
#17 D:\\Personales\\Datos Importantes Notebook\\Facultad\\5. QUINTO AÑO\\RRHH\\sistema-rrhh\\vendor\\laravel\\framework\\src\\Illuminate\\Foundation\\Console\\Kernel.php(473): Illuminate\\Foundation\\Application->bootstrapWith()
#18 D:\\Personales\\Datos Importantes Notebook\\Facultad\\5. QUINTO AÑO\\RRHH\\sistema-rrhh\\vendor\\laravel\\framework\\src\\Illuminate\\Foundation\\Console\\Kernel.php(195): Illuminate\\Foundation\\Console\\Kernel->bootstrap()
#19 D:\\Personales\\Datos Importantes Notebook\\Facultad\\5. QUINTO AÑO\\RRHH\\sistema-rrhh\\vendor\\laravel\\framework\\src\\Illuminate\\Foundation\\Application.php(1203): Illuminate\\Foundation\\Console\\Kernel->handle()
#20 D:\\Personales\\Datos Importantes Notebook\\Facultad\\5. QUINTO AÑO\\RRHH\\sistema-rrhh\\artisan(13): Illuminate\\Foundation\\Application->handleCommand()
#21 {main}

[previous exception] [object] (ReflectionException(code: -1): Class \"config\" does not exist at D:\\Personales\\Datos Importantes Notebook\\Facultad\\5. QUINTO AÑO\\RRHH\\sistema-rrhh\\vendor\\laravel\\framework\\src\\Illuminate\\Container\\Container.php:938)
[stacktrace]
#0 D:\\Personales\\Datos Importantes Notebook\\Facultad\\5. QUINTO AÑO\\RRHH\\sistema-rrhh\\vendor\\laravel\\framework\\src\\Illuminate\\Container\\Container.php(938): ReflectionClass->__construct()
#1 D:\\Personales\\Datos Importantes Notebook\\Facultad\\5. QUINTO AÑO\\RRHH\\sistema-rrhh\\vendor\\laravel\\framework\\src\\Illuminate\\Container\\Container.php(815): Illuminate\\Container\\Container->build()
#2 D:\\Personales\\Datos Importantes Notebook\\Facultad\\5. QUINTO AÑO\\RRHH\\sistema-rrhh\\vendor\\laravel\\framework\\src\\Illuminate\\Foundation\\Application.php(1046): Illuminate\\Container\\Container->resolve()
#3 D:\\Personales\\Datos Importantes Notebook\\Facultad\\5. QUINTO AÑO\\RRHH\\sistema-rrhh\\vendor\\laravel\\framework\\src\\Illuminate\\Container\\Container.php(751): Illuminate\\Foundation\\Application->resolve()
#4 D:\\Personales\\Datos Importantes Notebook\\Facultad\\5. QUINTO AÑO\\RRHH\\sistema-rrhh\\vendor\\laravel\\framework\\src\\Illuminate\\Foundation\\Application.php(1028): Illuminate\\Container\\Container->make()
#5 D:\\Personales\\Datos Importantes Notebook\\Facultad\\5. QUINTO AÑO\\RRHH\\sistema-rrhh\\vendor\\laravel\\framework\\src\\Illuminate\\Foundation\\helpers.php(124): Illuminate\\Foundation\\Application->make()
#6 D:\\Personales\\Datos Importantes Notebook\\Facultad\\5. QUINTO AÑO\\RRHH\\sistema-rrhh\\vendor\\laravel\\framework\\src\\Illuminate\\Foundation\\helpers.php(279): app()
#7 D:\\Personales\\Datos Importantes Notebook\\Facultad\\5. QUINTO AÑO\\RRHH\\sistema-rrhh\\vendor\\laravel-lang\\config\\src\\Data\\Common\\PushableData.php(35): config()
#8 D:\\Personales\\Datos Importantes Notebook\\Facultad\\5. QUINTO AÑO\\RRHH\\sistema-rrhh\\vendor\\laravel-lang\\publisher\\src\\Helpers\\Config.php(41): LaravelLang\\Config\\Data\\Common\\PushableData->set()
#9 D:\\Personales\\Datos Importantes Notebook\\Facultad\\5. QUINTO AÑO\\RRHH\\sistema-rrhh\\vendor\\laravel-lang\\publisher\\src\\Plugins\\Provider.php(53): LaravelLang\\Publisher\\Helpers\\Config->setPlugins()
#10 D:\\Personales\\Datos Importantes Notebook\\Facultad\\5. QUINTO AÑO\\RRHH\\sistema-rrhh\\vendor\\laravel-lang\\publisher\\src\\Plugins\\Provider.php(42): LaravelLang\\Publisher\\Plugins\\Provider->registerPlugins()
#11 D:\\Personales\\Datos Importantes Notebook\\Facultad\\5. QUINTO AÑO\\RRHH\\sistema-rrhh\\vendor\\laravel\\framework\\src\\Illuminate\\Foundation\\Application.php(868): LaravelLang\\Publisher\\Plugins\\Provider->register()
#12 D:\\Personales\\Datos Importantes Notebook\\Facultad\\5. QUINTO AÑO\\RRHH\\sistema-rrhh\\vendor\\laravel-lang\\actions\\src\\ServiceProvider.php(15): Illuminate\\Foundation\\Application->register()
#13 D:\\Personales\\Datos Importantes Notebook\\Facultad\\5. QUINTO AÑO\\RRHH\\sistema-rrhh\\vendor\\laravel\\framework\\src\\Illuminate\\Foundation\\Application.php(868): LaravelLang\\Actions\\ServiceProvider->register()
#14 D:\\Personales\\Datos Importantes Notebook\\Facultad\\5. QUINTO AÑO\\RRHH\\sistema-rrhh\\vendor\\laravel\\framework\\src\\Illuminate\\Foundation\\ProviderRepository.php(75): Illuminate\\Foundation\\Application->register()
#15 D:\\Personales\\Datos Importantes Notebook\\Facultad\\5. QUINTO AÑO\\RRHH\\sistema-rrhh\\vendor\\laravel\\framework\\src\\Illuminate\\Foundation\\Application.php(843): Illuminate\\Foundation\\ProviderRepository->load()
#16 D:\\Personales\\Datos Importantes Notebook\\Facultad\\5. QUINTO AÑO\\RRHH\\sistema-rrhh\\vendor\\laravel\\framework\\src\\Illuminate\\Foundation\\Bootstrap\\RegisterProviders.php(37): Illuminate\\Foundation\\Application->registerConfiguredProviders()
#17 D:\\Personales\\Datos Importantes Notebook\\Facultad\\5. QUINTO AÑO\\RRHH\\sistema-rrhh\\vendor\\laravel\\framework\\src\\Illuminate\\Foundation\\Application.php(316): Illuminate\\Foundation\\Bootstrap\\RegisterProviders->bootstrap()
#18 D:\\Personales\\Datos Importantes Notebook\\Facultad\\5. QUINTO AÑO\\RRHH\\sistema-rrhh\\vendor\\laravel\\framework\\src\\Illuminate\\Foundation\\Console\\Kernel.php(473): Illuminate\\Foundation\\Application->bootstrapWith()
#19 D:\\Personales\\Datos Importantes Notebook\\Facultad\\5. QUINTO AÑO\\RRHH\\sistema-rrhh\\vendor\\laravel\\framework\\src\\Illuminate\\Foundation\\Console\\Kernel.php(195): Illuminate\\Foundation\\Console\\Kernel->bootstrap()
#20 D:\\Personales\\Datos Importantes Notebook\\Facultad\\5. QUINTO AÑO\\RRHH\\sistema-rrhh\\vendor\\laravel\\framework\\src\\Illuminate\\Foundation\\Application.php(1203): Illuminate\\Foundation\\Console\\Kernel->handle()
#21 D:\\Personales\\Datos Importantes Notebook\\Facultad\\5. QUINTO AÑO\\RRHH\\sistema-rrhh\\artisan(13): Illuminate\\Foundation\\Application->handleCommand()
#22 {main}
"} 
[2024-10-06 04:10:06] local.ERROR: Target class [config] does not exist. {"exception":"[object] (Illuminate\\Contracts\\Container\\BindingResolutionException(code: 0): Target class [config] does not exist. at D:\\Personales\\Datos Importantes Notebook\\Facultad\\5. QUINTO AÑO\\RRHH\\sistema-rrhh\\vendor\\laravel\\framework\\src\\Illuminate\\Container\\Container.php:940)
[stacktrace]
#0 D:\\Personales\\Datos Importantes Notebook\\Facultad\\5. QUINTO AÑO\\RRHH\\sistema-rrhh\\vendor\\laravel\\framework\\src\\Illuminate\\Container\\Container.php(815): Illuminate\\Container\\Container->build()
#1 D:\\Personales\\Datos Importantes Notebook\\Facultad\\5. QUINTO AÑO\\RRHH\\sistema-rrhh\\vendor\\laravel\\framework\\src\\Illuminate\\Foundation\\Application.php(1046): Illuminate\\Container\\Container->resolve()
#2 D:\\Personales\\Datos Importantes Notebook\\Facultad\\5. QUINTO AÑO\\RRHH\\sistema-rrhh\\vendor\\laravel\\framework\\src\\Illuminate\\Container\\Container.php(751): Illuminate\\Foundation\\Application->resolve()
#3 D:\\Personales\\Datos Importantes Notebook\\Facultad\\5. QUINTO AÑO\\RRHH\\sistema-rrhh\\vendor\\laravel\\framework\\src\\Illuminate\\Foundation\\Application.php(1028): Illuminate\\Container\\Container->make()
#4 D:\\Personales\\Datos Importantes Notebook\\Facultad\\5. QUINTO AÑO\\RRHH\\sistema-rrhh\\vendor\\laravel\\framework\\src\\Illuminate\\Foundation\\helpers.php(124): Illuminate\\Foundation\\Application->make()
#5 D:\\Personales\\Datos Importantes Notebook\\Facultad\\5. QUINTO AÑO\\RRHH\\sistema-rrhh\\vendor\\laravel\\framework\\src\\Illuminate\\Foundation\\helpers.php(279): app()
#6 D:\\Personales\\Datos Importantes Notebook\\Facultad\\5. QUINTO AÑO\\RRHH\\sistema-rrhh\\vendor\\laravel-lang\\config\\src\\Data\\Common\\PushableData.php(35): config()
#7 D:\\Personales\\Datos Importantes Notebook\\Facultad\\5. QUINTO AÑO\\RRHH\\sistema-rrhh\\vendor\\laravel-lang\\publisher\\src\\Helpers\\Config.php(41): LaravelLang\\Config\\Data\\Common\\PushableData->set()
#8 D:\\Personales\\Datos Importantes Notebook\\Facultad\\5. QUINTO AÑO\\RRHH\\sistema-rrhh\\vendor\\laravel-lang\\publisher\\src\\Plugins\\Provider.php(53): LaravelLang\\Publisher\\Helpers\\Config->setPlugins()
#9 D:\\Personales\\Datos Importantes Notebook\\Facultad\\5. QUINTO AÑO\\RRHH\\sistema-rrhh\\vendor\\laravel-lang\\publisher\\src\\Plugins\\Provider.php(42): LaravelLang\\Publisher\\Plugins\\Provider->registerPlugins()
#10 D:\\Personales\\Datos Importantes Notebook\\Facultad\\5. QUINTO AÑO\\RRHH\\sistema-rrhh\\vendor\\laravel\\framework\\src\\Illuminate\\Foundation\\Application.php(868): LaravelLang\\Publisher\\Plugins\\Provider->register()
#11 D:\\Personales\\Datos Importantes Notebook\\Facultad\\5. QUINTO AÑO\\RRHH\\sistema-rrhh\\vendor\\laravel-lang\\actions\\src\\ServiceProvider.php(15): Illuminate\\Foundation\\Application->register()
#12 D:\\Personales\\Datos Importantes Notebook\\Facultad\\5. QUINTO AÑO\\RRHH\\sistema-rrhh\\vendor\\laravel\\framework\\src\\Illuminate\\Foundation\\Application.php(868): LaravelLang\\Actions\\ServiceProvider->register()
#13 D:\\Personales\\Datos Importantes Notebook\\Facultad\\5. QUINTO AÑO\\RRHH\\sistema-rrhh\\vendor\\laravel\\framework\\src\\Illuminate\\Foundation\\ProviderRepository.php(75): Illuminate\\Foundation\\Application->register()
#14 D:\\Personales\\Datos Importantes Notebook\\Facultad\\5. QUINTO AÑO\\RRHH\\sistema-rrhh\\vendor\\laravel\\framework\\src\\Illuminate\\Foundation\\Application.php(843): Illuminate\\Foundation\\ProviderRepository->load()
#15 D:\\Personales\\Datos Importantes Notebook\\Facultad\\5. QUINTO AÑO\\RRHH\\sistema-rrhh\\vendor\\laravel\\framework\\src\\Illuminate\\Foundation\\Bootstrap\\RegisterProviders.php(37): Illuminate\\Foundation\\Application->registerConfiguredProviders()
#16 D:\\Personales\\Datos Importantes Notebook\\Facultad\\5. QUINTO AÑO\\RRHH\\sistema-rrhh\\vendor\\laravel\\framework\\src\\Illuminate\\Foundation\\Application.php(316): Illuminate\\Foundation\\Bootstrap\\RegisterProviders->bootstrap()
#17 D:\\Personales\\Datos Importantes Notebook\\Facultad\\5. QUINTO AÑO\\RRHH\\sistema-rrhh\\vendor\\laravel\\framework\\src\\Illuminate\\Foundation\\Console\\Kernel.php(473): Illuminate\\Foundation\\Application->bootstrapWith()
#18 D:\\Personales\\Datos Importantes Notebook\\Facultad\\5. QUINTO AÑO\\RRHH\\sistema-rrhh\\vendor\\laravel\\framework\\src\\Illuminate\\Foundation\\Console\\Kernel.php(195): Illuminate\\Foundation\\Console\\Kernel->bootstrap()
#19 D:\\Personales\\Datos Importantes Notebook\\Facultad\\5. QUINTO AÑO\\RRHH\\sistema-rrhh\\vendor\\laravel\\framework\\src\\Illuminate\\Foundation\\Application.php(1203): Illuminate\\Foundation\\Console\\Kernel->handle()
#20 D:\\Personales\\Datos Importantes Notebook\\Facultad\\5. QUINTO AÑO\\RRHH\\sistema-rrhh\\artisan(13): Illuminate\\Foundation\\Application->handleCommand()
#21 {main}

[previous exception] [object] (ReflectionException(code: -1): Class \"config\" does not exist at D:\\Personales\\Datos Importantes Notebook\\Facultad\\5. QUINTO AÑO\\RRHH\\sistema-rrhh\\vendor\\laravel\\framework\\src\\Illuminate\\Container\\Container.php:938)
[stacktrace]
#0 D:\\Personales\\Datos Importantes Notebook\\Facultad\\5. QUINTO AÑO\\RRHH\\sistema-rrhh\\vendor\\laravel\\framework\\src\\Illuminate\\Container\\Container.php(938): ReflectionClass->__construct()
#1 D:\\Personales\\Datos Importantes Notebook\\Facultad\\5. QUINTO AÑO\\RRHH\\sistema-rrhh\\vendor\\laravel\\framework\\src\\Illuminate\\Container\\Container.php(815): Illuminate\\Container\\Container->build()
#2 D:\\Personales\\Datos Importantes Notebook\\Facultad\\5. QUINTO AÑO\\RRHH\\sistema-rrhh\\vendor\\laravel\\framework\\src\\Illuminate\\Foundation\\Application.php(1046): Illuminate\\Container\\Container->resolve()
#3 D:\\Personales\\Datos Importantes Notebook\\Facultad\\5. QUINTO AÑO\\RRHH\\sistema-rrhh\\vendor\\laravel\\framework\\src\\Illuminate\\Container\\Container.php(751): Illuminate\\Foundation\\Application->resolve()
#4 D:\\Personales\\Datos Importantes Notebook\\Facultad\\5. QUINTO AÑO\\RRHH\\sistema-rrhh\\vendor\\laravel\\framework\\src\\Illuminate\\Foundation\\Application.php(1028): Illuminate\\Container\\Container->make()
#5 D:\\Personales\\Datos Importantes Notebook\\Facultad\\5. QUINTO AÑO\\RRHH\\sistema-rrhh\\vendor\\laravel\\framework\\src\\Illuminate\\Foundation\\helpers.php(124): Illuminate\\Foundation\\Application->make()
#6 D:\\Personales\\Datos Importantes Notebook\\Facultad\\5. QUINTO AÑO\\RRHH\\sistema-rrhh\\vendor\\laravel\\framework\\src\\Illuminate\\Foundation\\helpers.php(279): app()
#7 D:\\Personales\\Datos Importantes Notebook\\Facultad\\5. QUINTO AÑO\\RRHH\\sistema-rrhh\\vendor\\laravel-lang\\config\\src\\Data\\Common\\PushableData.php(35): config()
#8 D:\\Personales\\Datos Importantes Notebook\\Facultad\\5. QUINTO AÑO\\RRHH\\sistema-rrhh\\vendor\\laravel-lang\\publisher\\src\\Helpers\\Config.php(41): LaravelLang\\Config\\Data\\Common\\PushableData->set()
#9 D:\\Personales\\Datos Importantes Notebook\\Facultad\\5. QUINTO AÑO\\RRHH\\sistema-rrhh\\vendor\\laravel-lang\\publisher\\src\\Plugins\\Provider.php(53): LaravelLang\\Publisher\\Helpers\\Config->setPlugins()
#10 D:\\Personales\\Datos Importantes Notebook\\Facultad\\5. QUINTO AÑO\\RRHH\\sistema-rrhh\\vendor\\laravel-lang\\publisher\\src\\Plugins\\Provider.php(42): LaravelLang\\Publisher\\Plugins\\Provider->registerPlugins()
#11 D:\\Personales\\Datos Importantes Notebook\\Facultad\\5. QUINTO AÑO\\RRHH\\sistema-rrhh\\vendor\\laravel\\framework\\src\\Illuminate\\Foundation\\Application.php(868): LaravelLang\\Publisher\\Plugins\\Provider->register()
#12 D:\\Personales\\Datos Importantes Notebook\\Facultad\\5. QUINTO AÑO\\RRHH\\sistema-rrhh\\vendor\\laravel-lang\\actions\\src\\ServiceProvider.php(15): Illuminate\\Foundation\\Application->register()
#13 D:\\Personales\\Datos Importantes Notebook\\Facultad\\5. QUINTO AÑO\\RRHH\\sistema-rrhh\\vendor\\laravel\\framework\\src\\Illuminate\\Foundation\\Application.php(868): LaravelLang\\Actions\\ServiceProvider->register()
#14 D:\\Personales\\Datos Importantes Notebook\\Facultad\\5. QUINTO AÑO\\RRHH\\sistema-rrhh\\vendor\\laravel\\framework\\src\\Illuminate\\Foundation\\ProviderRepository.php(75): Illuminate\\Foundation\\Application->register()
#15 D:\\Personales\\Datos Importantes Notebook\\Facultad\\5. QUINTO AÑO\\RRHH\\sistema-rrhh\\vendor\\laravel\\framework\\src\\Illuminate\\Foundation\\Application.php(843): Illuminate\\Foundation\\ProviderRepository->load()
#16 D:\\Personales\\Datos Importantes Notebook\\Facultad\\5. QUINTO AÑO\\RRHH\\sistema-rrhh\\vendor\\laravel\\framework\\src\\Illuminate\\Foundation\\Bootstrap\\RegisterProviders.php(37): Illuminate\\Foundation\\Application->registerConfiguredProviders()
#17 D:\\Personales\\Datos Importantes Notebook\\Facultad\\5. QUINTO AÑO\\RRHH\\sistema-rrhh\\vendor\\laravel\\framework\\src\\Illuminate\\Foundation\\Application.php(316): Illuminate\\Foundation\\Bootstrap\\RegisterProviders->bootstrap()
#18 D:\\Personales\\Datos Importantes Notebook\\Facultad\\5. QUINTO AÑO\\RRHH\\sistema-rrhh\\vendor\\laravel\\framework\\src\\Illuminate\\Foundation\\Console\\Kernel.php(473): Illuminate\\Foundation\\Application->bootstrapWith()
#19 D:\\Personales\\Datos Importantes Notebook\\Facultad\\5. QUINTO AÑO\\RRHH\\sistema-rrhh\\vendor\\laravel\\framework\\src\\Illuminate\\Foundation\\Console\\Kernel.php(195): Illuminate\\Foundation\\Console\\Kernel->bootstrap()
#20 D:\\Personales\\Datos Importantes Notebook\\Facultad\\5. QUINTO AÑO\\RRHH\\sistema-rrhh\\vendor\\laravel\\framework\\src\\Illuminate\\Foundation\\Application.php(1203): Illuminate\\Foundation\\Console\\Kernel->handle()
#21 D:\\Personales\\Datos Importantes Notebook\\Facultad\\5. QUINTO AÑO\\RRHH\\sistema-rrhh\\artisan(13): Illuminate\\Foundation\\Application->handleCommand()
#22 {main}
"} 
